SF:T:\ContinuIT_Github\xmlscanner\src\XmlParsingError.ts
FN:30,<instance_members_initializer>
FN:32,XmlParsingError
FNDA:16,<instance_members_initializer>
FNDA:16,XmlParsingError
FNF:2
FNH:2
BRF:0
BRH:0
DA:9,4
DA:10,4
DA:11,4
DA:12,4
DA:13,4
DA:14,4
DA:15,4
DA:16,4
DA:17,4
DA:18,4
DA:19,4
DA:20,4
DA:21,4
DA:22,4
DA:23,4
DA:24,4
DA:29,4
DA:30,4
DA:31,4
DA:32,4
DA:33,20
DA:34,20
DA:35,20
DA:36,20
DA:37,4
LH:25
LF:25
end_of_record
SF:T:\ContinuIT_Github\xmlscanner\src\characterBits.ts
FN:66,setCodepointRange
FNDA:152,setCodepointRange
FNF:1
FNH:1
BRDA:70,0,0,60
BRDA:73,0,1,76
BRDA:74,0,2,16
BRDA:67,1,0,448924
BRF:4
BRH:4
DA:3,4
DA:4,4
DA:5,4
DA:15,4
DA:16,16
DA:17,16
DA:18,16
DA:19,16
DA:20,16
DA:21,16
DA:22,16
DA:23,16
DA:24,16
DA:25,16
DA:26,16
DA:27,16
DA:28,16
DA:29,16
DA:30,12
DA:31,4
DA:37,4
DA:38,16
DA:39,16
DA:40,16
DA:41,16
DA:42,16
DA:43,16
DA:44,16
DA:45,16
DA:46,16
DA:47,16
DA:48,16
DA:49,16
DA:50,16
DA:51,16
DA:52,16
DA:53,16
DA:54,16
DA:55,16
DA:56,12
DA:57,4
DA:59,4
DA:60,16
DA:61,16
DA:62,16
DA:63,12
DA:64,4
DA:66,4
DA:67,156
DA:68,4
DA:70,4
DA:71,64
DA:72,64
DA:73,4
DA:74,4
LH:55
LF:55
end_of_record
SF:T:\ContinuIT_Github\xmlscanner\src\unEntity.ts
FN:10,unEntity
FN:30,decodeNumericEntity
FN:38,unEntityInner
FNDA:4153,unEntity
FNDA:5,decodeNumericEntity
FNDA:23,unEntityInner
FNF:3
FNH:3
BRDA:13,1,0,4127
BRDA:13,1,1,29
BRDA:13,1,2,26
BRDA:17,1,3,3
BRDA:17,1,4,23
BRDA:31,2,0,3
BRDA:31,2,1,3
BRDA:32,2,2,2
BRDA:43,3,0,6
BRDA:43,3,1,17
BRDA:44,3,2,32
BRDA:47,3,3,7
BRDA:48,3,4,5
BRDA:48,3,5,2
BRDA:51,3,6,20
BRDA:54,3,7,30
BRDA:54,3,8,12
BRDA:56,3,9,3
BRDA:59,3,10,9
BRDA:60,3,11,5
BRDA:62,3,12,9
BRF:21
BRH:21
DA:1,5
DA:2,5
DA:10,5
DA:12,4158
DA:13,4158
DA:16,4213
DA:17,4187
DA:19,4210
DA:20,5
DA:22,5
DA:23,20
DA:24,20
DA:25,20
DA:26,20
DA:27,15
DA:28,5
DA:30,5
DA:31,10
DA:32,10
DA:33,10
DA:34,10
DA:35,5
DA:38,5
DA:39,5
DA:40,5
DA:41,5
DA:43,90
DA:44,28
DA:45,60
DA:46,60
DA:47,60
DA:48,60
DA:50,60
DA:51,60
DA:52,80
DA:53,80
DA:54,80
DA:55,102
DA:56,90
DA:57,93
DA:58,93
DA:59,93
DA:60,90
DA:61,95
DA:62,95
DA:63,99
DA:64,99
DA:65,28
DA:66,5
LH:49
LF:49
end_of_record
SF:T:\ContinuIT_Github\xmlscanner\src\xmlAnalyser.ts
FN:15,xmlAnalyser
FN:19,tagopen
FN:23,tagclose
FN:26,text
FN:29,cdata
FN:32,processinginstruction
FN:35,comment
FN:38,unknownAttribute
FNDA:1,xmlAnalyser
FNDA:3,tagopen
FNDA:3,tagclose
FNDA:1,text
FNDA:1,cdata
FNDA:1,processinginstruction
FNDA:1,comment
FNDA:1,unknownAttribute
FNF:8
FNH:8
BRF:0
BRH:0
DA:1,1
DA:15,1
DA:16,2
DA:17,6
DA:18,2
DA:19,2
DA:20,5
DA:21,5
DA:22,2
DA:23,2
DA:24,5
DA:25,2
DA:26,2
DA:27,3
DA:28,2
DA:29,2
DA:30,3
DA:31,2
DA:32,2
DA:33,3
DA:34,2
DA:35,2
DA:36,3
DA:37,2
DA:38,2
DA:39,3
DA:40,3
DA:41,2
DA:42,2
DA:43,2
DA:44,6
DA:45,1
LH:32
LF:32
end_of_record
SF:T:\ContinuIT_Github\xmlscanner\src\xmlEventsBuilder.ts
FN:3,emptyXmlEvents
FN:5,parseElementPath
FN:13,addElement
FN:40,addAttributeEvent
FNDA:19,emptyXmlEvents
FNDA:14,parseElementPath
FNDA:14,addElement
FNDA:3,addAttributeEvent
FNF:4
FNH:4
BRDA:19,4,0,22
BRDA:22,4,1,15
BRDA:46,5,0,2
BRDA:46,5,1,1
BRF:4
BRH:4
DA:3,2
DA:5,2
DA:13,2
DA:14,2
DA:15,2
DA:17,16
DA:18,16
DA:19,16
DA:20,38
DA:21,38
DA:22,38
DA:23,53
DA:24,53
DA:25,53
DA:26,38
DA:27,38
DA:28,16
DA:29,2
DA:40,2
DA:41,2
DA:42,2
DA:43,2
DA:44,2
DA:46,5
DA:47,5
DA:48,5
DA:49,5
DA:50,2
LH:28
LF:28
end_of_record
SF:T:\ContinuIT_Github\xmlscanner\src\xmlScanner.ts
FN:6,unquote
FN:15,parsePIorXmlDeclaration
FN:56,parseElement
FN:168,parseCommentOrDocTypeOrCData
FN:209,xmlScanner
FNDA:222,unquote
FNDA:1091,parsePIorXmlDeclaration
FNDA:4130351,parseElement
FNDA:10,parseCommentOrDocTypeOrCData
FNDA:1102,xmlScanner
FNF:5
FNH:5
BRDA:7,1,0,81
BRDA:7,1,1,81
BRDA:7,1,2,219
BRDA:7,1,3,141
BRDA:8,1,4,75
BRDA:8,1,5,219
BRDA:8,1,6,75
BRDA:8,1,7,66
BRDA:21,2,0,2
BRDA:23,2,1,1089
BRDA:26,2,2,4366
BRDA:29,2,3,3277
BRDA:29,2,4,1089
BRDA:31,2,5,1085
BRDA:34,2,6,1
BRDA:36,2,7,1084
BRDA:44,2,8,74
BRDA:45,2,9,24
BRDA:46,2,10,18
BRDA:47,2,11,24
BRDA:49,2,12,4
BRDA:51,2,13,2
BRDA:52,2,14,1088
BRDA:59,5,0,1
BRDA:61,5,1,4130350
BRDA:63,5,2,26436936
BRDA:65,5,3,4130350
BRDA:65,5,4,22306586
BRDA:67,5,5,4130350
BRDA:71,5,6,8249
BRDA:71,5,7,4124573
BRDA:71,5,8,4124567
BRDA:72,5,9,834
BRDA:76,5,10,4130355
BRDA:79,5,11,15
BRDA:85,5,12,4130259
BRDA:88,5,13,8259512
BRDA:91,5,14,1
BRDA:93,5,15,8259511
BRDA:96,5,16,8259492
BRDA:97,5,17,4124
BRDA:98,5,18,8259511
BRDA:102,5,19,4130255
BRDA:104,5,20,1
BRDA:106,5,21,4130254
BRDA:108,5,22,828
BRDA:111,5,23,4129256
BRDA:112,5,24,1
BRDA:113,5,25,4129255
BRDA:114,5,26,4
BRDA:115,5,27,4129251
BRDA:118,5,28,4122111
BRDA:118,5,29,96
BRDA:121,5,30,88
BRDA:121,5,31,4122111
BRDA:121,5,32,4122108
BRDA:121,5,33,88
BRDA:122,5,34,4
BRDA:124,5,35,8
BRDA:127,5,36,0
BRDA:129,5,37,8
BRDA:131,5,38,32
BRDA:133,5,39,28
BRDA:133,5,40,8
BRDA:133,5,41,24
BRDA:135,5,42,8
BRDA:139,5,43,0
BRDA:141,5,44,8
BRDA:144,5,45,2
BRDA:144,5,46,4122111
BRDA:144,5,47,1
BRDA:146,5,48,4122103
BRDA:146,5,49,7
BRDA:148,5,50,6
BRDA:148,5,51,1
BRDA:149,5,52,4122111
BRDA:149,5,53,2
BRDA:151,5,54,4122106
BRDA:151,5,55,5
BRDA:155,5,56,3
BRDA:156,5,57,4122111
BRDA:156,5,58,3
BRDA:158,5,59,10
BRDA:158,5,60,2
BRDA:160,5,61,5
BRDA:174,6,0,5
BRDA:174,6,1,5
BRDA:177,6,2,3
BRDA:177,6,3,2
BRDA:181,6,4,2
BRDA:185,6,5,1
BRDA:190,6,6,9
BRDA:190,6,7,4
BRDA:192,6,8,3
BRDA:192,6,9,3
BRDA:194,6,10,2
BRDA:194,6,11,1
BRDA:195,6,12,1
BRDA:197,6,13,1
BRDA:216,7,0,3284
BRDA:220,7,1,1087
BRDA:222,7,2,1
BRDA:224,7,3,0
BRDA:229,7,4,1086
BRDA:229,7,5,1
BRDA:231,7,6,3281
BRDA:231,7,7,2197
BRDA:234,7,8,2012
BRDA:236,7,9,0
BRDA:240,7,10,2197
BRDA:243,7,11,3277
BRDA:243,7,12,1090
BRDA:245,7,13,1107
BRDA:245,7,14,1106
BRDA:245,7,15,6
BRDA:247,7,16,1101
BRDA:248,7,17,1
BRDA:250,7,18,1100
BRF:118
BRH:114
DA:1,4
DA:2,4
DA:4,4
DA:6,4
DA:7,226
DA:8,226
DA:9,511
DA:10,4
DA:12,4
DA:15,4
DA:16,4
DA:17,4
DA:18,4
DA:20,1095
DA:21,1095
DA:22,1097
DA:23,1097
DA:24,2184
DA:25,1095
DA:26,1095
DA:27,1095
DA:28,1095
DA:29,1095
DA:30,2184
DA:31,1095
DA:34,2180
DA:35,2181
DA:36,2181
DA:37,3264
DA:40,3264
DA:41,3264
DA:44,2180
DA:45,2180
DA:46,2180
DA:47,2180
DA:49,1095
DA:51,1099
DA:52,1099
DA:53,2183
DA:54,4
DA:56,4
DA:58,4130355
DA:59,4130355
DA:60,4130356
DA:61,4130356
DA:62,8260705
DA:63,4130355
DA:64,30567291
DA:65,30567291
DA:66,52873877
DA:67,52873877
DA:68,8260705
DA:71,4130355
DA:72,4130355
DA:75,4130355
DA:76,4130355
DA:78,8260710
DA:79,8260710
DA:80,8260725
DA:81,8260725
DA:82,8260725
DA:85,8260710
DA:87,12390969
DA:88,12390969
DA:90,20650481
DA:91,20650481
DA:92,20650482
DA:93,20650482
DA:96,20650481
DA:97,28909973
DA:98,28909973
DA:101,28909992
DA:102,20650481
DA:104,24780736
DA:105,24780737
DA:106,24780737
DA:108,24780736
DA:110,24780736
DA:111,24780736
DA:112,20650481
DA:113,20650481
DA:114,20650481
DA:115,20650481
DA:116,20650481
DA:117,20650481
DA:118,12390969
DA:121,8260710
DA:122,16505017
DA:123,16505017
DA:124,16505017
DA:127,0
DA:128,0
DA:129,0
DA:130,12382829
DA:131,12382821
DA:132,12382853
DA:133,12382853
DA:134,12382905
DA:135,12382905
DA:139,0
DA:140,0
DA:141,0
DA:143,12382829
DA:144,8260710
DA:145,12382822
DA:146,12382822
DA:148,8260710
DA:149,8260710
DA:150,12382823
DA:151,12382823
DA:154,16504932
DA:155,8260710
DA:156,8260710
DA:157,12382824
DA:158,12382821
DA:159,12382833
DA:160,12382833
DA:163,12382836
DA:164,12382836
DA:165,4
DA:168,4
DA:169,4
DA:170,4
DA:171,4
DA:172,4
DA:174,14
DA:176,19
DA:177,19
DA:178,24
DA:179,24
DA:181,19
DA:182,19
DA:183,19
DA:185,14
DA:188,15
DA:190,15
DA:192,14
DA:193,17
DA:194,17
DA:195,17
DA:196,17
DA:197,17
DA:198,15
DA:199,4
DA:209,4
DA:214,1106
DA:215,1106
DA:216,1106
DA:217,4390
DA:220,4390
DA:221,5477
DA:222,5477
DA:223,5478
DA:224,0
DA:225,0
DA:226,0
DA:227,5478
DA:228,5478
DA:229,5477
DA:230,5478
DA:231,5478
DA:234,7671
DA:235,9683
DA:236,0
DA:237,0
DA:238,0
DA:239,9683
DA:240,9683
DA:243,4390
DA:244,8757
DA:245,7667
DA:246,9886
DA:247,9880
DA:248,10981
DA:249,10982
DA:250,10982
DA:251,12081
DA:252,12081
DA:253,12081
DA:254,4390
DA:255,1106
LH:169
LF:181
end_of_record
