TN:
SF:src\index.ts
FN:12,(anonymous_0)
FNF:1
FNH:1
FNDA:9,(anonymous_0)
DA:12,11
LF:1
LH:1
BRF:0
BRH:0
end_of_record
TN:
SF:src\lib\Telemetry.ts
FN:20,(anonymous_0)
FN:30,(anonymous_1)
FN:34,(anonymous_2)
FN:42,(anonymous_3)
FN:51,(anonymous_4)
FN:63,(anonymous_5)
FN:76,(anonymous_6)
FN:80,(anonymous_7)
FN:84,(anonymous_8)
FN:88,(anonymous_9)
FN:92,(anonymous_10)
FN:96,(anonymous_11)
FNF:12
FNH:12
FNDA:14,(anonymous_0)
FNDA:9,(anonymous_1)
FNDA:2,(anonymous_2)
FNDA:14,(anonymous_3)
FNDA:5,(anonymous_4)
FNDA:29,(anonymous_5)
FNDA:4,(anonymous_6)
FNDA:2,(anonymous_7)
FNDA:4,(anonymous_8)
FNDA:2,(anonymous_9)
FNDA:4,(anonymous_10)
FNDA:4,(anonymous_11)
DA:1,2
DA:2,2
DA:14,2
DA:16,14
DA:17,14
DA:21,14
DA:22,14
DA:24,14
DA:31,9
DA:35,2
DA:43,14
DA:52,5
DA:53,5
DA:57,5
DA:58,5
DA:60,5
DA:64,29
DA:65,29
DA:66,23
DA:77,4
DA:81,2
DA:85,4
DA:89,2
DA:93,4
DA:102,4
DA:103,4
DA:105,4
DA:106,4
DA:107,4
DA:109,1
DA:110,1
DA:111,1
DA:113,1
DA:116,4
DA:118,4
DA:119,4
DA:124,4
DA:125,1
DA:127,4
LF:39
LH:39
BRDA:21,0,0,14
BRDA:21,0,1,8
BRDA:22,1,0,14
BRDA:22,1,1,0
BRDA:22,2,0,14
BRDA:22,2,1,5
BRDA:25,3,0,14
BRDA:25,3,1,0
BRDA:25,4,0,14
BRDA:25,4,1,14
BRDA:26,5,0,2
BRDA:26,5,1,12
BRDA:26,6,0,14
BRDA:26,6,1,12
BRDA:30,7,0,0
BRDA:57,8,0,5
BRDA:57,8,1,0
BRDA:57,9,0,5
BRDA:57,9,1,4
BRDA:60,10,0,5
BRDA:60,10,1,0
BRDA:64,11,0,29
BRDA:64,11,1,0
BRDA:65,12,0,23
BRDA:71,13,0,12
BRDA:71,13,1,11
BRDA:102,14,0,4
BRDA:102,14,1,0
BRDA:109,15,0,1
BRDA:118,16,0,4
BRDA:124,17,0,1
BRF:31
BRH:24
end_of_record
TN:
SF:src\lib\defaultLogger.ts
FN:4,(anonymous_0)
FNF:1
FNH:1
FNDA:22,(anonymous_0)
DA:3,2
DA:5,22
LF:2
LH:2
BRDA:6,0,0,22
BRDA:6,0,1,0
BRF:2
BRH:1
end_of_record
TN:
SF:src\lib\types.ts
FN:10,(anonymous_0)
FNF:1
FNH:1
FNDA:10,(anonymous_0)
DA:7,2
DA:9,2
DA:10,10
LF:3
LH:3
BRF:0
BRH:0
end_of_record
